<?xml version="1.0" encoding="UTF-8"?>
<testsuite xmlns:xsi="http://www.w3.org/2001/XMLSchema-instance" xsi:noNamespaceSchemaLocation="https://maven.apache.org/surefire/maven-surefire-plugin/xsd/surefire-test-report-3.0.xsd" version="3.0" name="com.northwind.NorthwindApplicationTest" time="1.106" tests="2" errors="0" skipped="0" failures="0">
  <properties>
[...]
</properties>
  <testcase name="mainMethodRunsWithoutException" classname="com.northwind.NorthwindApplicationTest" time="1.083">
    <system-out><![CDATA[2025-05-10 02:02:26.966  INFO 23956 --- [           main] .b.t.c.SpringBootTestContextBootstrapper : Neither @ContextConfiguration nor @ContextHierarchy found for test class [com.northwind.NorthwindApplicationTest], using SpringBootContextLoader
2025-05-10 02:02:26.983  INFO 23956 --- [           main] o.s.t.c.support.AbstractContextLoader    : Could not detect default resource locations for test class [com.northwind.NorthwindApplicationTest]: no resource found for suffixes {-context.xml, Context.groovy}.
2025-05-10 02:02:26.983  INFO 23956 --- [           main] t.c.s.AnnotationConfigContextLoaderUtils : Could not detect default configuration classes for test class [com.northwind.NorthwindApplicationTest]: NorthwindApplicationTest does not declare any static, non-private, non-final, nested classes annotated with @Configuration.
2025-05-10 02:02:26.988  INFO 23956 --- [           main] .b.t.c.SpringBootTestContextBootstrapper : Found @SpringBootConfiguration com.northwind.NorthwindApplication for test class com.northwind.NorthwindApplicationTest
2025-05-10 02:02:26.989  INFO 23956 --- [           main] .b.t.c.SpringBootTestContextBootstrapper : Loaded default TestExecutionListener class names from location [META-INF/spring.factories]: [org.springframework.boot.test.mock.mockito.MockitoTestExecutionListener, org.springframework.boot.test.mock.mockito.ResetMocksTestExecutionListener, org.springframework.boot.test.autoconfigure.restdocs.RestDocsTestExecutionListener, org.springframework.boot.test.autoconfigure.web.client.MockRestServiceServerResetTestExecutionListener, org.springframework.boot.test.autoconfigure.web.servlet.MockMvcPrintOnlyOnFailureTestExecutionListener, org.springframework.boot.test.autoconfigure.web.servlet.WebDriverTestExecutionListener, org.springframework.boot.test.autoconfigure.webservices.client.MockWebServiceServerTestExecutionListener, org.springframework.test.context.web.ServletTestExecutionListener, org.springframework.test.context.support.DirtiesContextBeforeModesTestExecutionListener, org.springframework.test.context.event.ApplicationEventsTestExecutionListener, org.springframework.test.context.support.DependencyInjectionTestExecutionListener, org.springframework.test.context.support.DirtiesContextTestExecutionListener, org.springframework.test.context.transaction.TransactionalTestExecutionListener, org.springframework.test.context.jdbc.SqlScriptsTestExecutionListener, org.springframework.test.context.event.EventPublishingTestExecutionListener]
2025-05-10 02:02:26.989  INFO 23956 --- [           main] .b.t.c.SpringBootTestContextBootstrapper : Using TestExecutionListeners: [org.springframework.test.context.web.ServletTestExecutionListener@c940e2, org.springframework.test.context.support.DirtiesContextBeforeModesTestExecutionListener@92d41, org.springframework.test.context.event.ApplicationEventsTestExecutionListener@263df9, org.springframework.boot.test.mock.mockito.MockitoTestExecutionListener@1d4b83b, org.springframework.boot.test.autoconfigure.SpringBootDependencyInjectionTestExecutionListener@1d828b3, org.springframework.test.context.support.DirtiesContextTestExecutionListener@7478ac, org.springframework.test.context.transaction.TransactionalTestExecutionListener@1864b2e, org.springframework.test.context.jdbc.SqlScriptsTestExecutionListener@1473685, org.springframework.test.context.event.EventPublishingTestExecutionListener@1a809ee, org.springframework.boot.test.mock.mockito.ResetMocksTestExecutionListener@c6bc6f, org.springframework.boot.test.autoconfigure.restdocs.RestDocsTestExecutionListener@16c5fa2, org.springframework.boot.test.autoconfigure.web.client.MockRestServiceServerResetTestExecutionListener@135bb54, org.springframework.boot.test.autoconfigure.web.servlet.MockMvcPrintOnlyOnFailureTestExecutionListener@7339e5, org.springframework.boot.test.autoconfigure.web.servlet.WebDriverTestExecutionListener@15dd040, org.springframework.boot.test.autoconfigure.webservices.client.MockWebServiceServerTestExecutionListener@e507c6]

  .   ____          _            __ _ _
 /\\ / ___'_ __ _ _(_)_ __  __ _ \ \ \ \
( ( )\___ | '_ | '_| | '_ \/ _` | \ \ \ \
 \\/  ___)| |_)| | | | | || (_| |  ) ) ) )
  '  |____| .__|_| |_|_| |_\__, | / / / /
 =========|_|==============|___/=/_/_/_/
 :: Spring Boot ::               (v2.7.15)

2025-05-10 02:02:27.004  INFO 23956 --- [           main] com.northwind.NorthwindApplication       : Starting NorthwindApplication using Java 11.0.18 on LALWL2024040254 with PID 23956 (started by dbmarsha in C:\Users\dbmarsha\Documents\software\scripts\java\northwind)
2025-05-10 02:02:27.004  INFO 23956 --- [           main] com.northwind.NorthwindApplication       : No active profile set, falling back to 1 default profile: "default"
2025-05-10 02:02:27.200  INFO 23956 --- [           main] .s.d.r.c.RepositoryConfigurationDelegate : Bootstrapping Spring Data JPA repositories in DEFAULT mode.
2025-05-10 02:02:27.203  INFO 23956 --- [           main] .s.d.r.c.RepositoryConfigurationDelegate : Finished Spring Data repository scanning in 6 ms. Found 1 JPA repository interfaces.
2025-05-10 02:02:27.386  INFO 23956 --- [           main] o.s.b.w.embedded.tomcat.TomcatWebServer  : Tomcat initialized with port(s): 8080 (http)
2025-05-10 02:02:27.394  INFO 23956 --- [           main] o.apache.catalina.core.StandardService   : Starting service [Tomcat]
2025-05-10 02:02:27.394  INFO 23956 --- [           main] org.apache.catalina.core.StandardEngine  : Starting Servlet engine: [Apache Tomcat/9.0.79]
2025-05-10 02:02:27.508  INFO 23956 --- [           main] o.a.c.c.C.[Tomcat].[localhost].[/]       : Initializing Spring embedded WebApplicationContext
2025-05-10 02:02:27.508  INFO 23956 --- [           main] w.s.c.ServletWebServerApplicationContext : Root WebApplicationContext: initialization completed in 504 ms
2025-05-10 02:02:27.587  INFO 23956 --- [           main] o.hibernate.jpa.internal.util.LogHelper  : HHH000204: Processing PersistenceUnitInfo [name: default]
2025-05-10 02:02:27.589  INFO 23956 --- [           main] com.zaxxer.hikari.HikariDataSource       : HikariPool-2 - Starting...
2025-05-10 02:02:27.589  INFO 23956 --- [           main] com.zaxxer.hikari.HikariDataSource       : HikariPool-2 - Start completed.
2025-05-10 02:02:27.589  INFO 23956 --- [           main] org.hibernate.dialect.Dialect            : HHH000400: Using dialect: org.hibernate.dialect.SQLServerDialect
2025-05-10 02:02:27.605  INFO 23956 --- [           main] o.h.e.t.j.p.i.JtaPlatformInitiator       : HHH000490: Using JtaPlatform implementation: [org.hibernate.engine.transaction.jta.platform.internal.NoJtaPlatform]
2025-05-10 02:02:27.605  INFO 23956 --- [           main] j.LocalContainerEntityManagerFactoryBean : Initialized JPA EntityManagerFactory for persistence unit 'default'
2025-05-10 02:02:27.625  WARN 23956 --- [           main] JpaBaseConfiguration$JpaWebConfiguration : spring.jpa.open-in-view is enabled by default. Therefore, database queries may be performed during view rendering. Explicitly configure spring.jpa.open-in-view to disable this warning
2025-05-10 02:02:28.024  INFO 23956 --- [           main] o.s.s.web.DefaultSecurityFilterChain     : Will secure any request with [org.springframework.security.web.session.DisableEncodeUrlFilter@9e7ab, org.springframework.security.web.context.request.async.WebAsyncManagerIntegrationFilter@159a049, org.springframework.security.web.context.SecurityContextPersistenceFilter@1b29351, org.springframework.security.web.header.HeaderWriterFilter@10db8b1, org.springframework.security.web.authentication.logout.LogoutFilter@1283b74, org.springframework.security.oauth2.client.web.OAuth2AuthorizationRequestRedirectFilter@1db8ba6, org.springframework.security.oauth2.client.web.OAuth2LoginAuthenticationFilter@826924, org.springframework.security.web.authentication.ui.DefaultLoginPageGeneratingFilter@1bf963a, org.springframework.security.web.authentication.ui.DefaultLogoutPageGeneratingFilter@c68f7f, org.springframework.security.web.savedrequest.RequestCacheAwareFilter@12c0470, org.springframework.security.web.servletapi.SecurityContextHolderAwareRequestFilter@192f314, org.springframework.security.web.authentication.AnonymousAuthenticationFilter@1f21c0a, org.springframework.security.web.session.SessionManagementFilter@cf0dd9, org.springframework.security.web.access.ExceptionTranslationFilter@1caa21d, org.springframework.security.web.access.intercept.FilterSecurityInterceptor@b3eb48]
2025-05-10 02:02:28.024  INFO 23956 --- [           main] o.s.b.a.e.web.EndpointLinksResolver      : Exposing 1 endpoint(s) beneath base path '/actuator'
2025-05-10 02:02:28.056  INFO 23956 --- [           main] o.s.b.w.embedded.tomcat.TomcatWebServer  : Tomcat started on port(s): 8080 (http) with context path ''
2025-05-10 02:02:28.056  INFO 23956 --- [           main] com.northwind.NorthwindApplication       : Started NorthwindApplication in 1.072 seconds (JVM running for 9.376)
]]></system-out>
  </testcase>
  <testcase name="contextLoads" classname="com.northwind.NorthwindApplicationTest" time="0"/>
</testsuite>